<?xml version="1.0" encoding="UTF-8"?>
<testsuite name="test_guest_arrival_tests.TestGuestArrival-20240402171556" tests="68" file="test_guest_arrival_tests.py" time="0.835" timestamp="2024-04-02T17:15:59" failures="0" errors="0" skipped="0">
	<testcase classname="test_guest_arrival_tests.TestGuestArrival" name="testGuestArrivalDel1" time="0.007" timestamp="2024-04-02T17:15:57"/>
	<testcase classname="test_guest_arrival_tests.TestGuestArrival" name="testGuestArrivalDel10" time="0.013" timestamp="2024-04-02T17:15:57"/>
	<testcase classname="test_guest_arrival_tests.TestGuestArrival" name="testGuestArrivalDel11" time="0.013" timestamp="2024-04-02T17:15:57"/>
	<testcase classname="test_guest_arrival_tests.TestGuestArrival" name="testGuestArrivalDel12" time="0.006" timestamp="2024-04-02T17:15:57"/>
	<testcase classname="test_guest_arrival_tests.TestGuestArrival" name="testGuestArrivalDel14" time="0.016" timestamp="2024-04-02T17:15:57"/>
	<testcase classname="test_guest_arrival_tests.TestGuestArrival" name="testGuestArrivalDel15" time="0.016" timestamp="2024-04-02T17:15:57"/>
	<testcase classname="test_guest_arrival_tests.TestGuestArrival" name="testGuestArrivalDel16" time="0.016" timestamp="2024-04-02T17:15:57"/>
	<testcase classname="test_guest_arrival_tests.TestGuestArrival" name="testGuestArrivalDel17" time="0.019" timestamp="2024-04-02T17:15:57"/>
	<testcase classname="test_guest_arrival_tests.TestGuestArrival" name="testGuestArrivalDel18" time="0.010" timestamp="2024-04-02T17:15:57"/>
	<testcase classname="test_guest_arrival_tests.TestGuestArrival" name="testGuestArrivalDel19" time="0.014" timestamp="2024-04-02T17:15:57"/>
	<testcase classname="test_guest_arrival_tests.TestGuestArrival" name="testGuestArrivalDel2" time="0.018" timestamp="2024-04-02T17:15:57"/>
	<testcase classname="test_guest_arrival_tests.TestGuestArrival" name="testGuestArrivalDel21" time="0.013" timestamp="2024-04-02T17:15:57"/>
	<testcase classname="test_guest_arrival_tests.TestGuestArrival" name="testGuestArrivalDel22" time="0.020" timestamp="2024-04-02T17:15:57"/>
	<testcase classname="test_guest_arrival_tests.TestGuestArrival" name="testGuestArrivalDel23" time="0.013" timestamp="2024-04-02T17:15:57"/>
	<testcase classname="test_guest_arrival_tests.TestGuestArrival" name="testGuestArrivalDel24" time="0.017" timestamp="2024-04-02T17:15:57"/>
	<testcase classname="test_guest_arrival_tests.TestGuestArrival" name="testGuestArrivalDel25" time="0.013" timestamp="2024-04-02T17:15:57"/>
	<testcase classname="test_guest_arrival_tests.TestGuestArrival" name="testGuestArrivalDel26" time="0.007" timestamp="2024-04-02T17:15:57"/>
	<testcase classname="test_guest_arrival_tests.TestGuestArrival" name="testGuestArrivalDel28" time="0.010" timestamp="2024-04-02T17:15:57"/>
	<testcase classname="test_guest_arrival_tests.TestGuestArrival" name="testGuestArrivalDel29" time="0.010" timestamp="2024-04-02T17:15:57"/>
	<testcase classname="test_guest_arrival_tests.TestGuestArrival" name="testGuestArrivalDel3" time="0.009" timestamp="2024-04-02T17:15:57"/>
	<testcase classname="test_guest_arrival_tests.TestGuestArrival" name="testGuestArrivalDel30" time="0.000" timestamp="2024-04-02T17:15:57"/>
	<testcase classname="test_guest_arrival_tests.TestGuestArrival" name="testGuestArrivalDel4" time="0.016" timestamp="2024-04-02T17:15:57"/>
	<testcase classname="test_guest_arrival_tests.TestGuestArrival" name="testGuestArrivalDel6" time="0.012" timestamp="2024-04-02T17:15:57"/>
	<testcase classname="test_guest_arrival_tests.TestGuestArrival" name="testGuestArrivalDel7" time="0.013" timestamp="2024-04-02T17:15:58"/>
	<testcase classname="test_guest_arrival_tests.TestGuestArrival" name="testGuestArrivalDel8" time="0.017" timestamp="2024-04-02T17:15:58"/>
	<testcase classname="test_guest_arrival_tests.TestGuestArrival" name="testGuestArrivalDup1" time="0.008" timestamp="2024-04-02T17:15:58"/>
	<testcase classname="test_guest_arrival_tests.TestGuestArrival" name="testGuestArrivalDup10" time="0.009" timestamp="2024-04-02T17:15:58"/>
	<testcase classname="test_guest_arrival_tests.TestGuestArrival" name="testGuestArrivalDup11" time="0.018" timestamp="2024-04-02T17:15:58"/>
	<testcase classname="test_guest_arrival_tests.TestGuestArrival" name="testGuestArrivalDup12" time="0.010" timestamp="2024-04-02T17:15:58"/>
	<testcase classname="test_guest_arrival_tests.TestGuestArrival" name="testGuestArrivalDup14" time="0.016" timestamp="2024-04-02T17:15:58"/>
	<testcase classname="test_guest_arrival_tests.TestGuestArrival" name="testGuestArrivalDup15" time="0.017" timestamp="2024-04-02T17:15:58"/>
	<testcase classname="test_guest_arrival_tests.TestGuestArrival" name="testGuestArrivalDup16" time="0.016" timestamp="2024-04-02T17:15:58"/>
	<testcase classname="test_guest_arrival_tests.TestGuestArrival" name="testGuestArrivalDup17" time="0.011" timestamp="2024-04-02T17:15:58"/>
	<testcase classname="test_guest_arrival_tests.TestGuestArrival" name="testGuestArrivalDup18" time="0.008" timestamp="2024-04-02T17:15:58"/>
	<testcase classname="test_guest_arrival_tests.TestGuestArrival" name="testGuestArrivalDup19" time="0.013" timestamp="2024-04-02T17:15:58"/>
	<testcase classname="test_guest_arrival_tests.TestGuestArrival" name="testGuestArrivalDup2" time="0.015" timestamp="2024-04-02T17:15:58"/>
	<testcase classname="test_guest_arrival_tests.TestGuestArrival" name="testGuestArrivalDup21" time="0.015" timestamp="2024-04-02T17:15:58"/>
	<testcase classname="test_guest_arrival_tests.TestGuestArrival" name="testGuestArrivalDup22" time="0.008" timestamp="2024-04-02T17:15:58"/>
	<testcase classname="test_guest_arrival_tests.TestGuestArrival" name="testGuestArrivalDup23" time="0.025" timestamp="2024-04-02T17:15:58"/>
	<testcase classname="test_guest_arrival_tests.TestGuestArrival" name="testGuestArrivalDup24" time="0.014" timestamp="2024-04-02T17:15:58"/>
	<testcase classname="test_guest_arrival_tests.TestGuestArrival" name="testGuestArrivalDup25" time="0.017" timestamp="2024-04-02T17:15:58"/>
	<testcase classname="test_guest_arrival_tests.TestGuestArrival" name="testGuestArrivalDup26" time="0.015" timestamp="2024-04-02T17:15:58"/>
	<testcase classname="test_guest_arrival_tests.TestGuestArrival" name="testGuestArrivalDup28" time="0.010" timestamp="2024-04-02T17:15:58"/>
	<testcase classname="test_guest_arrival_tests.TestGuestArrival" name="testGuestArrivalDup29" time="0.008" timestamp="2024-04-02T17:15:58"/>
	<testcase classname="test_guest_arrival_tests.TestGuestArrival" name="testGuestArrivalDup3" time="0.008" timestamp="2024-04-02T17:15:58"/>
	<testcase classname="test_guest_arrival_tests.TestGuestArrival" name="testGuestArrivalDup30" time="0.008" timestamp="2024-04-02T17:15:58"/>
	<testcase classname="test_guest_arrival_tests.TestGuestArrival" name="testGuestArrivalDup4" time="0.011" timestamp="2024-04-02T17:15:58"/>
	<testcase classname="test_guest_arrival_tests.TestGuestArrival" name="testGuestArrivalDup6" time="0.014" timestamp="2024-04-02T17:15:58"/>
	<testcase classname="test_guest_arrival_tests.TestGuestArrival" name="testGuestArrivalDup7" time="0.015" timestamp="2024-04-02T17:15:58"/>
	<testcase classname="test_guest_arrival_tests.TestGuestArrival" name="testGuestArrivalDup8" time="0.013" timestamp="2024-04-02T17:15:58"/>
	<testcase classname="test_guest_arrival_tests.TestGuestArrival" name="testGuestArrivalMod13" time="0.010" timestamp="2024-04-02T17:15:58"/>
	<testcase classname="test_guest_arrival_tests.TestGuestArrival" name="testGuestArrivalMod20" time="0.009" timestamp="2024-04-02T17:15:58"/>
	<testcase classname="test_guest_arrival_tests.TestGuestArrival" name="testGuestArrivalMod27" time="0.014" timestamp="2024-04-02T17:15:58"/>
	<testcase classname="test_guest_arrival_tests.TestGuestArrival" name="testGuestArrivalMod31" time="0.014" timestamp="2024-04-02T17:15:58"/>
	<testcase classname="test_guest_arrival_tests.TestGuestArrival" name="testGuestArrivalMod32" time="0.013" timestamp="2024-04-02T17:15:58"/>
	<testcase classname="test_guest_arrival_tests.TestGuestArrival" name="testGuestArrivalMod33" time="0.012" timestamp="2024-04-02T17:15:58"/>
	<testcase classname="test_guest_arrival_tests.TestGuestArrival" name="testGuestArrivalMod34" time="0.008" timestamp="2024-04-02T17:15:58"/>
	<testcase classname="test_guest_arrival_tests.TestGuestArrival" name="testGuestArrivalMod35" time="0.012" timestamp="2024-04-02T17:15:59"/>
	<testcase classname="test_guest_arrival_tests.TestGuestArrival" name="testGuestArrivalMod36" time="0.013" timestamp="2024-04-02T17:15:59"/>
	<testcase classname="test_guest_arrival_tests.TestGuestArrival" name="testGuestArrivalMod37" time="0.017" timestamp="2024-04-02T17:15:59"/>
	<testcase classname="test_guest_arrival_tests.TestGuestArrival" name="testGuestArrivalMod38" time="0.008" timestamp="2024-04-02T17:15:59"/>
	<testcase classname="test_guest_arrival_tests.TestGuestArrival" name="testGuestArrivalMod39" time="0.008" timestamp="2024-04-02T17:15:59"/>
	<testcase classname="test_guest_arrival_tests.TestGuestArrival" name="testGuestArrivalMod40" time="0.014" timestamp="2024-04-02T17:15:59"/>
	<testcase classname="test_guest_arrival_tests.TestGuestArrival" name="testGuestArrivalMod41" time="0.008" timestamp="2024-04-02T17:15:59"/>
	<testcase classname="test_guest_arrival_tests.TestGuestArrival" name="testGuestArrivalMod42" time="0.000" timestamp="2024-04-02T17:15:59"/>
	<testcase classname="test_guest_arrival_tests.TestGuestArrival" name="testGuestArrivalMod5" time="0.001" timestamp="2024-04-02T17:15:59"/>
	<testcase classname="test_guest_arrival_tests.TestGuestArrival" name="testGuestArrivalMod9" time="0.016" timestamp="2024-04-02T17:15:59"/>
	<testcase classname="test_guest_arrival_tests.TestGuestArrival" name="testGuestArrivalValido" time="0.016" timestamp="2024-04-02T17:15:59"/>
</testsuite>
