<?xml version="1.0" encoding="UTF-8"?>
<testsuite name="test_checkout_tests.testRoomReservtionTests-20240402175455" tests="7" file="test_checkout_tests.py" time="0.048" timestamp="2024-04-02T17:54:55" failures="0" errors="0" skipped="0">
	<testcase classname="test_checkout_tests.testRoomReservtionTests" name="test1" time="0.000" timestamp="2024-04-02T17:54:55"/>
	<testcase classname="test_checkout_tests.testRoomReservtionTests" name="test2" time="0.000" timestamp="2024-04-02T17:54:55"/>
	<testcase classname="test_checkout_tests.testRoomReservtionTests" name="test3" time="0.000" timestamp="2024-04-02T17:54:55"/>
	<testcase classname="test_checkout_tests.testRoomReservtionTests" name="test4" time="0.032" timestamp="2024-04-02T17:54:55"/>
	<testcase classname="test_checkout_tests.testRoomReservtionTests" name="test5" time="0.000" timestamp="2024-04-02T17:54:55"/>
	<testcase classname="test_checkout_tests.testRoomReservtionTests" name="test6" time="0.016" timestamp="2024-04-02T17:54:55"/>
	<testcase classname="test_checkout_tests.testRoomReservtionTests" name="test8" time="0.000" timestamp="2024-04-02T17:54:55"/>
</testsuite>
