<?xml version="1.0" encoding="UTF-8"?>
<testsuite name="test_checkout_tests.testRoomReservtionTests-20240402171556" tests="7" file="test_checkout_tests.py" time="0.108" timestamp="2024-04-02T17:15:57" failures="0" errors="0" skipped="0">
	<testcase classname="test_checkout_tests.testRoomReservtionTests" name="test1" time="0.008" timestamp="2024-04-02T17:15:57"/>
	<testcase classname="test_checkout_tests.testRoomReservtionTests" name="test2" time="0.015" timestamp="2024-04-02T17:15:57"/>
	<testcase classname="test_checkout_tests.testRoomReservtionTests" name="test3" time="0.000" timestamp="2024-04-02T17:15:57"/>
	<testcase classname="test_checkout_tests.testRoomReservtionTests" name="test4" time="0.057" timestamp="2024-04-02T17:15:57"/>
	<testcase classname="test_checkout_tests.testRoomReservtionTests" name="test5" time="0.016" timestamp="2024-04-02T17:15:57"/>
	<testcase classname="test_checkout_tests.testRoomReservtionTests" name="test6" time="0.003" timestamp="2024-04-02T17:15:57"/>
	<testcase classname="test_checkout_tests.testRoomReservtionTests" name="test8" time="0.010" timestamp="2024-04-02T17:15:57"/>
</testsuite>
