<?xml version="1.0" encoding="UTF-8"?>
<testsuite name="test_room_reservation_tests.TestRoomReservtionTests-20240402175455" tests="30" file="test_room_reservation_tests.py" time="0.032" timestamp="2024-04-02T17:54:56" failures="0" errors="0" skipped="0">
	<testcase classname="test_room_reservation_tests.TestRoomReservtionTests" name="test_room_reservation_notvalido_01" time="0.000" timestamp="2024-04-02T17:54:56"/>
	<testcase classname="test_room_reservation_tests.TestRoomReservtionTests" name="test_room_reservation_notvalido_02" time="0.000" timestamp="2024-04-02T17:54:56"/>
	<testcase classname="test_room_reservation_tests.TestRoomReservtionTests" name="test_room_reservation_notvalido_03" time="0.000" timestamp="2024-04-02T17:54:56"/>
	<testcase classname="test_room_reservation_tests.TestRoomReservtionTests" name="test_room_reservation_notvalido_04" time="0.000" timestamp="2024-04-02T17:54:56"/>
	<testcase classname="test_room_reservation_tests.TestRoomReservtionTests" name="test_room_reservation_notvalido_05" time="0.000" timestamp="2024-04-02T17:54:56"/>
	<testcase classname="test_room_reservation_tests.TestRoomReservtionTests" name="test_room_reservation_notvalido_06" time="0.000" timestamp="2024-04-02T17:54:56"/>
	<testcase classname="test_room_reservation_tests.TestRoomReservtionTests" name="test_room_reservation_notvalido_07" time="0.000" timestamp="2024-04-02T17:54:56"/>
	<testcase classname="test_room_reservation_tests.TestRoomReservtionTests" name="test_room_reservation_notvalido_09" time="0.000" timestamp="2024-04-02T17:54:56"/>
	<testcase classname="test_room_reservation_tests.TestRoomReservtionTests" name="test_room_reservation_notvalido_10" time="0.000" timestamp="2024-04-02T17:54:56"/>
	<testcase classname="test_room_reservation_tests.TestRoomReservtionTests" name="test_room_reservation_notvalido_11" time="0.000" timestamp="2024-04-02T17:54:56"/>
	<testcase classname="test_room_reservation_tests.TestRoomReservtionTests" name="test_room_reservation_notvalido_12" time="0.000" timestamp="2024-04-02T17:54:56"/>
	<testcase classname="test_room_reservation_tests.TestRoomReservtionTests" name="test_room_reservation_notvalido_13" time="0.000" timestamp="2024-04-02T17:54:56"/>
	<testcase classname="test_room_reservation_tests.TestRoomReservtionTests" name="test_room_reservation_notvalido_15" time="0.000" timestamp="2024-04-02T17:54:56"/>
	<testcase classname="test_room_reservation_tests.TestRoomReservtionTests" name="test_room_reservation_notvalido_16" time="0.000" timestamp="2024-04-02T17:54:56"/>
	<testcase classname="test_room_reservation_tests.TestRoomReservtionTests" name="test_room_reservation_notvalido_17" time="0.016" timestamp="2024-04-02T17:54:56"/>
	<testcase classname="test_room_reservation_tests.TestRoomReservtionTests" name="test_room_reservation_notvalido_18" time="0.000" timestamp="2024-04-02T17:54:56"/>
	<testcase classname="test_room_reservation_tests.TestRoomReservtionTests" name="test_room_reservation_notvalido_19" time="0.000" timestamp="2024-04-02T17:54:56"/>
	<testcase classname="test_room_reservation_tests.TestRoomReservtionTests" name="test_room_reservation_notvalido_20" time="0.000" timestamp="2024-04-02T17:54:56"/>
	<testcase classname="test_room_reservation_tests.TestRoomReservtionTests" name="test_room_reservation_notvalido_21" time="0.000" timestamp="2024-04-02T17:54:56"/>
	<testcase classname="test_room_reservation_tests.TestRoomReservtionTests" name="test_room_reservation_notvalido_23" time="0.000" timestamp="2024-04-02T17:54:56"/>
	<testcase classname="test_room_reservation_tests.TestRoomReservtionTests" name="test_room_reservation_notvalido_24" time="0.000" timestamp="2024-04-02T17:54:56"/>
	<testcase classname="test_room_reservation_tests.TestRoomReservtionTests" name="test_room_reservation_notvalido_25" time="0.000" timestamp="2024-04-02T17:54:56"/>
	<testcase classname="test_room_reservation_tests.TestRoomReservtionTests" name="test_room_reservation_notvalido_26" time="0.000" timestamp="2024-04-02T17:54:56"/>
	<testcase classname="test_room_reservation_tests.TestRoomReservtionTests" name="test_room_reservation_notvalido_27" time="0.000" timestamp="2024-04-02T17:54:56"/>
	<testcase classname="test_room_reservation_tests.TestRoomReservtionTests" name="test_room_reservation_notvalido_28" time="0.000" timestamp="2024-04-02T17:54:56"/>
	<testcase classname="test_room_reservation_tests.TestRoomReservtionTests" name="test_room_reservation_valido_01" time="0.000" timestamp="2024-04-02T17:54:56"/>
	<testcase classname="test_room_reservation_tests.TestRoomReservtionTests" name="test_room_reservation_valido_02" time="0.016" timestamp="2024-04-02T17:54:56"/>
	<testcase classname="test_room_reservation_tests.TestRoomReservtionTests" name="test_room_reservation_valido_03" time="0.000" timestamp="2024-04-02T17:54:56"/>
	<testcase classname="test_room_reservation_tests.TestRoomReservtionTests" name="test_room_reservation_valido_04" time="0.000" timestamp="2024-04-02T17:54:56"/>
	<testcase classname="test_room_reservation_tests.TestRoomReservtionTests" name="test_room_reservation_valido_05" time="0.000" timestamp="2024-04-02T17:54:56"/>
</testsuite>
