<?xml version="1.0" encoding="UTF-8"?>
<testsuite name="test_room_reservation_tests.TestRoomReservtionTests-20240402171552" tests="30" file="test_room_reservation_tests.py" time="0.142" timestamp="2024-04-02T17:15:55" failures="0" errors="0" skipped="0">
	<testcase classname="test_room_reservation_tests.TestRoomReservtionTests" name="test_room_reservation_notvalido_01" time="0.005" timestamp="2024-04-02T17:15:55"/>
	<testcase classname="test_room_reservation_tests.TestRoomReservtionTests" name="test_room_reservation_notvalido_02" time="0.008" timestamp="2024-04-02T17:15:55"/>
	<testcase classname="test_room_reservation_tests.TestRoomReservtionTests" name="test_room_reservation_notvalido_03" time="0.005" timestamp="2024-04-02T17:15:55"/>
	<testcase classname="test_room_reservation_tests.TestRoomReservtionTests" name="test_room_reservation_notvalido_04" time="0.000" timestamp="2024-04-02T17:15:55"/>
	<testcase classname="test_room_reservation_tests.TestRoomReservtionTests" name="test_room_reservation_notvalido_05" time="0.005" timestamp="2024-04-02T17:15:55"/>
	<testcase classname="test_room_reservation_tests.TestRoomReservtionTests" name="test_room_reservation_notvalido_06" time="0.002" timestamp="2024-04-02T17:15:55"/>
	<testcase classname="test_room_reservation_tests.TestRoomReservtionTests" name="test_room_reservation_notvalido_07" time="0.002" timestamp="2024-04-02T17:15:55"/>
	<testcase classname="test_room_reservation_tests.TestRoomReservtionTests" name="test_room_reservation_notvalido_09" time="0.004" timestamp="2024-04-02T17:15:55"/>
	<testcase classname="test_room_reservation_tests.TestRoomReservtionTests" name="test_room_reservation_notvalido_10" time="0.000" timestamp="2024-04-02T17:15:55"/>
	<testcase classname="test_room_reservation_tests.TestRoomReservtionTests" name="test_room_reservation_notvalido_11" time="0.005" timestamp="2024-04-02T17:15:55"/>
	<testcase classname="test_room_reservation_tests.TestRoomReservtionTests" name="test_room_reservation_notvalido_12" time="0.011" timestamp="2024-04-02T17:15:55"/>
	<testcase classname="test_room_reservation_tests.TestRoomReservtionTests" name="test_room_reservation_notvalido_13" time="0.001" timestamp="2024-04-02T17:15:55"/>
	<testcase classname="test_room_reservation_tests.TestRoomReservtionTests" name="test_room_reservation_notvalido_15" time="0.000" timestamp="2024-04-02T17:15:55"/>
	<testcase classname="test_room_reservation_tests.TestRoomReservtionTests" name="test_room_reservation_notvalido_16" time="0.003" timestamp="2024-04-02T17:15:55"/>
	<testcase classname="test_room_reservation_tests.TestRoomReservtionTests" name="test_room_reservation_notvalido_17" time="0.004" timestamp="2024-04-02T17:15:55"/>
	<testcase classname="test_room_reservation_tests.TestRoomReservtionTests" name="test_room_reservation_notvalido_18" time="0.000" timestamp="2024-04-02T17:15:55"/>
	<testcase classname="test_room_reservation_tests.TestRoomReservtionTests" name="test_room_reservation_notvalido_19" time="0.000" timestamp="2024-04-02T17:15:55"/>
	<testcase classname="test_room_reservation_tests.TestRoomReservtionTests" name="test_room_reservation_notvalido_20" time="0.000" timestamp="2024-04-02T17:15:55"/>
	<testcase classname="test_room_reservation_tests.TestRoomReservtionTests" name="test_room_reservation_notvalido_21" time="0.018" timestamp="2024-04-02T17:15:55"/>
	<testcase classname="test_room_reservation_tests.TestRoomReservtionTests" name="test_room_reservation_notvalido_23" time="0.000" timestamp="2024-04-02T17:15:55"/>
	<testcase classname="test_room_reservation_tests.TestRoomReservtionTests" name="test_room_reservation_notvalido_24" time="0.000" timestamp="2024-04-02T17:15:55"/>
	<testcase classname="test_room_reservation_tests.TestRoomReservtionTests" name="test_room_reservation_notvalido_25" time="0.000" timestamp="2024-04-02T17:15:55"/>
	<testcase classname="test_room_reservation_tests.TestRoomReservtionTests" name="test_room_reservation_notvalido_26" time="0.008" timestamp="2024-04-02T17:15:55"/>
	<testcase classname="test_room_reservation_tests.TestRoomReservtionTests" name="test_room_reservation_notvalido_27" time="0.000" timestamp="2024-04-02T17:15:55"/>
	<testcase classname="test_room_reservation_tests.TestRoomReservtionTests" name="test_room_reservation_notvalido_28" time="0.003" timestamp="2024-04-02T17:15:55"/>
	<testcase classname="test_room_reservation_tests.TestRoomReservtionTests" name="test_room_reservation_valido_01" time="0.017" timestamp="2024-04-02T17:15:55"/>
	<testcase classname="test_room_reservation_tests.TestRoomReservtionTests" name="test_room_reservation_valido_02" time="0.000" timestamp="2024-04-02T17:15:55"/>
	<testcase classname="test_room_reservation_tests.TestRoomReservtionTests" name="test_room_reservation_valido_03" time="0.013" timestamp="2024-04-02T17:15:55"/>
	<testcase classname="test_room_reservation_tests.TestRoomReservtionTests" name="test_room_reservation_valido_04" time="0.013" timestamp="2024-04-02T17:15:55"/>
	<testcase classname="test_room_reservation_tests.TestRoomReservtionTests" name="test_room_reservation_valido_05" time="0.015" timestamp="2024-04-02T17:15:55"/>
</testsuite>
